> Task :checkKotlinGradlePluginConfigurationErrors SKIPPED
> Task :compileKotlin UP-TO-DATE
> Task :compileJava NO-SOURCE
> Task :processResources UP-TO-DATE
> Task :classes UP-TO-DATE
> Task :jar UP-TO-DATE
> Task :processTestResources NO-SOURCE

> Task :compileTestKotlin FAILED
e: file:///C:/repo/commerce/src/test/kotlin/com/example/commerce/service/ClaimServiceTest.kt:16:20 Unresolved reference 'kotlin'.
e: file:///C:/repo/commerce/src/test/kotlin/com/example/commerce/service/ClaimServiceTest.kt:33:9 Unresolved reference 'whenever'.
e: file:///C:/repo/commerce/src/test/kotlin/com/example/commerce/service/ClaimServiceTest.kt:33:81 Unresolved reference 'it'.
e: file:///C:/repo/commerce/src/test/kotlin/com/example/commerce/service/ClaimServiceTest.kt:33:81 Cannot infer type for type parameter 'V'. Specify it explicitly.
e: file:///C:/repo/commerce/src/test/kotlin/com/example/commerce/service/ClaimServiceTest.kt:55:9 Unresolved reference 'whenever'.
e: file:///C:/repo/commerce/src/test/kotlin/com/example/commerce/service/ClaimServiceTest.kt:101:9 Unresolved reference 'whenever'.
e: file:///C:/repo/commerce/src/test/kotlin/com/example/commerce/service/ClaimServiceTest.kt:130:9 Unresolved reference 'whenever'.

FAILURE: Build failed with an exception.

* What went wrong:
Execution failed for task ':compileTestKotlin'.
> A failure occurred while executing org.jetbrains.kotlin.compilerRunner.GradleCompilerRunnerWithWorkers$GradleKotlinCompilerWorkAction
   > Compilation error. See log for more details

* Try:
> Run with --stacktrace option to get the stack trace.
> Run with --info or --debug option to get more log output.
> Run with --scan to get full insights from a Build Scan (powered by Develocity).
> Get more help at https://help.gradle.org.

BUILD FAILED in 1s
4 actionable tasks: 1 executed, 3 up-to-date
