> Task :checkKotlinGradlePluginConfigurationErrors SKIPPED
> Task :compileKotlin UP-TO-DATE
> Task :compileJava NO-SOURCE
> Task :processResources UP-TO-DATE
> Task :classes UP-TO-DATE
> Task :jar UP-TO-DATE
> Task :processTestResources
> Task :compileTestKotlin
> Task :compileTestJava NO-SOURCE
> Task :testClasses
OpenJDK 64-Bit Server VM warning: Sharing is only supported for boot loader classes because bootstrap classpath has been appended

> Task :test

OrderPaymentClaimIntegrationTest > Scenario - Order, Composite Payment, Partial Refund (Waterfall)() FAILED
    org.springframework.orm.jpa.JpaSystemException at OrderPaymentClaimIntegrationTest.kt:61
        Caused by: org.hibernate.InstantiationException at OrderPaymentClaimIntegrationTest.kt:61

1 test completed, 1 failed

> Task :test FAILED

FAILURE: Build failed with an exception.

* What went wrong:
Execution failed for task ':test'.
> There were failing tests. See the report at: file:///C:/repo/commerce/build/reports/tests/test/index.html

* Try:
> Run with --scan to get full insights from a Build Scan (powered by Develocity).

BUILD FAILED in 10s
6 actionable tasks: 3 executed, 3 up-to-date
